Content-Type: text/plain; charset="utf-8"
MIME-Version: 1.0
Content-Transfer-Encoding: 7bit
Subject: New bid on your item
From: webmaster@localhost
To: boss@boss.com
Date: Sun, 28 Oct 2018 08:07:21 -0000
Message-ID: <154071404105.7968.3025349161513293538@DESKTOP-D52AH1Q>

Hello boss,

Your auction: "acer laptop 13&quot;" has received a new bid.

Thank you
-------------------------------------------------------------------------------
Content-Type: text/plain; charset="utf-8"
MIME-Version: 1.0
Content-Transfer-Encoding: 7bit
Subject: New bids registered
From: webmaster@localhost
To: naus@naus.com
Date: Sun, 28 Oct 2018 08:07:21 -0000
Message-ID: <154071404105.7968.18176891427585854809@DESKTOP-D52AH1Q>

Hello ,

The auction: "acer laptop 13&quot;" which you did bid on has received a new bid.

Thank you
-------------------------------------------------------------------------------
