Content-Type: text/plain; charset="utf-8"
MIME-Version: 1.0
Content-Transfer-Encoding: 7bit
Subject: New bid on your item
From: webmaster@localhost
To: abc@abc.com
Date: Sun, 28 Oct 2018 08:08:57 -0000
Message-ID: <154071413725.7968.5451113926950866291@DESKTOP-D52AH1Q>

Hello abc,

Your auction: "ball" has received a new bid.

Thank you
-------------------------------------------------------------------------------
Content-Type: text/plain; charset="utf-8"
MIME-Version: 1.0
Content-Transfer-Encoding: 7bit
Subject: New bids registered
From: webmaster@localhost
To: naus@naus.com
Date: Sun, 28 Oct 2018 08:08:57 -0000
Message-ID: <154071413725.7968.10665441379024316049@DESKTOP-D52AH1Q>

Hello ,

The auction: "ball" which you did bid on has received a new bid.

Thank you
-------------------------------------------------------------------------------
