Content-Type: text/plain; charset="utf-8"
MIME-Version: 1.0
Content-Transfer-Encoding: 7bit
Subject: New bid on your item
From: webmaster@localhost
To: abc@abc.com
Date: Sun, 28 Oct 2018 08:07:07 -0000
Message-ID: <154071402745.7968.14259694497938195541@DESKTOP-D52AH1Q>

Hello abc,

Your auction: "ball" has received a new bid.

Thank you
-------------------------------------------------------------------------------
Content-Type: text/plain; charset="utf-8"
MIME-Version: 1.0
Content-Transfer-Encoding: 7bit
Subject: New bids registered
From: webmaster@localhost
To: naus@naus.com
Date: Sun, 28 Oct 2018 08:07:07 -0000
Message-ID: <154071402745.7968.5360267899721785787@DESKTOP-D52AH1Q>

Hello ,

The auction: "ball" which you did bid on has received a new bid.

Thank you
-------------------------------------------------------------------------------
