Content-Type: text/plain; charset="utf-8"
MIME-Version: 1.0
Content-Transfer-Encoding: 7bit
Subject: New bid on your item
From: webmaster@localhost
To: rarak@gmail.com
Date: Sun, 28 Oct 2018 17:58:16 -0000
Message-ID: <154074949655.12952.5195890799870963961@DESKTOP-D52AH1Q>

Hello rarak,

Your auction: "break" has received a new bid.

Thank you
-------------------------------------------------------------------------------
Content-Type: text/plain; charset="utf-8"
MIME-Version: 1.0
Content-Transfer-Encoding: 7bit
Subject: New bids registered
From: webmaster@localhost
To: boss@boss.com
Date: Sun, 28 Oct 2018 17:58:17 -0000
Message-ID: <154074949740.12952.7716140835672123846@DESKTOP-D52AH1Q>

Hello ,

The auction: "break" which you did bid on has received a new bid.

Thank you
-------------------------------------------------------------------------------
