Content-Type: text/plain; charset="utf-8"
MIME-Version: 1.0
Content-Transfer-Encoding: 7bit
Subject: New bid on your item
From: webmaster@localhost
To: naus@naus.com
Date: Sun, 28 Oct 2018 08:09:41 -0000
Message-ID: <154071418134.7968.16580389316927060018@DESKTOP-D52AH1Q>

Hello naus,

Your auction: "rice" has received a new bid.

Thank you
-------------------------------------------------------------------------------
Content-Type: text/plain; charset="utf-8"
MIME-Version: 1.0
Content-Transfer-Encoding: 7bit
Subject: New bids registered
From: webmaster@localhost
To: boss@boss.com
Date: Sun, 28 Oct 2018 08:09:41 -0000
Message-ID: <154071418134.7968.4816209700665582153@DESKTOP-D52AH1Q>

Hello ,

The auction: "rice" which you did bid on has received a new bid.

Thank you
-------------------------------------------------------------------------------
