Content-Type: text/plain; charset="utf-8"
MIME-Version: 1.0
Content-Transfer-Encoding: 7bit
Subject: New bid on your item
From: webmaster@localhost
To: boss@boss.com
Date: Sun, 28 Oct 2018 08:09:16 -0000
Message-ID: <154071415654.7968.13130220493826507857@DESKTOP-D52AH1Q>

Hello boss,

Your auction: "samsung galaxy tab" has received a new bid.

Thank you
-------------------------------------------------------------------------------
Content-Type: text/plain; charset="utf-8"
MIME-Version: 1.0
Content-Transfer-Encoding: 7bit
Subject: New bids registered
From: webmaster@localhost
To: naus@naus.com
Date: Sun, 28 Oct 2018 08:09:16 -0000
Message-ID: <154071415654.7968.13203122629927442675@DESKTOP-D52AH1Q>

Hello ,

The auction: "samsung galaxy tab" which you did bid on has received a new bid.

Thank you
-------------------------------------------------------------------------------
